\BOOKMARK [0][-]{chapter.1}{\376\377\000I\000n\000t\000r\000o\000d\000u\000\347\000\343\000o\000\040\000\340\000\040\000P\000r\000o\000b\000a\000b\000i\000l\000i\000d\000a\000d\000e\000\040}{}% 1
\BOOKMARK [1][-]{section.1.1}{\376\377\000T\000e\000o\000r\000i\000a\000\040\000d\000a\000\040\000M\000e\000d\000i\000d\000a}{chapter.1}% 2
\BOOKMARK [1][-]{section.1.2}{\376\377\000R\000e\000s\000u\000l\000t\000a\000d\000o\000s\000\040\000B\000\341\000s\000i\000c\000o\000s}{chapter.1}% 3
\BOOKMARK [1][-]{section.1.3}{\376\377\000D\000i\000s\000t\000r\000i\000b\000u\000i\000\347\000\365\000e\000s}{chapter.1}% 4
\BOOKMARK [1][-]{section.1.4}{\376\377\000D\000e\000n\000s\000i\000d\000a\000d\000e\000s}{chapter.1}% 5
\BOOKMARK [1][-]{section.1.5}{\376\377\000I\000n\000d\000e\000p\000e\000n\000d\000\352\000n\000c\000i\000a}{chapter.1}% 6
\BOOKMARK [1][-]{section.1.6}{\376\377\000A\000l\000g\000u\000m\000a\000s\000\040\000D\000e\000s\000i\000g\000u\000a\000l\000d\000a\000d\000e\000s\000\040\000C\000l\000\341\000s\000s\000i\000c\000a\000s}{chapter.1}% 7
\BOOKMARK [1][-]{section.1.7}{\376\377\000F\000u\000n\000\347\000\343\000o\000\040\000G\000e\000r\000a\000d\000o\000r\000a\000\040\000d\000e\000\040\000M\000o\000m\000e\000n\000t\000o}{chapter.1}% 8
\BOOKMARK [1][-]{section.1.8}{\376\377\000E\000x\000e\000r\000c\000\355\000c\000i\000o\000s\000\040\000R\000e\000s\000o\000l\000v\000i\000d\000o\000s}{chapter.1}% 9
\BOOKMARK [0][-]{chapter.2}{\376\377\000C\000o\000n\000v\000e\000r\000g\000\352\000n\000c\000i\000a}{}% 10
\BOOKMARK [1][-]{section.2.1}{\376\377\000M\000o\000d\000o\000s\000\040\000d\000e\000\040\000C\000o\000n\000v\000e\000r\000g\000\352\000n\000c\000i\000a}{chapter.2}% 11
\BOOKMARK [1][-]{section.2.2}{\376\377\000C\000o\000n\000v\000e\000r\000g\000\352\000n\000c\000i\000a\000\040\000F\000r\000a\000c\000a\000\040\000e\000m\000\040\000R\000k}{chapter.2}% 12
\BOOKMARK [2][-]{subsection.2.2.1}{\376\377\000T\000e\000o\000r\000e\000m\000a\000\040\000P\000o\000r\000t\000m\000a\000n\000t\000e\000a\000u}{section.2.2}% 13
\BOOKMARK [2][-]{subsection.2.2.2}{\376\377\000T\000e\000o\000r\000e\000m\000a\000\040\000d\000e\000\040\000P\000r\000o\000h\000o\000r\000o\000v}{section.2.2}% 14
\BOOKMARK [1][-]{section.2.3}{\376\377\000E\000x\000e\000r\000c\000\355\000c\000i\000o\000s\000\040\000R\000e\000s\000o\000l\000v\000i\000d\000o\000s}{chapter.2}% 15
\BOOKMARK [0][-]{chapter.3}{\376\377\000T\000e\000o\000r\000e\000m\000a\000\040\000C\000e\000n\000t\000r\000a\000l\000\040\000d\000o\000\040\000L\000i\000m\000i\000t\000e\000\040}{}% 16
\BOOKMARK [1][-]{section.3.1}{\376\377\000M\000o\000t\000i\000v\000a\000\347\000\343\000o\000:\000\040\000T\000e\000o\000r\000e\000m\000a\000\040\000d\000e\000\040\000D\000e\000\040\000M\000o\000i\000v\000r\000e\000-\000L\000a\000p\000l\000a\000c\000e\000\040}{chapter.3}% 17
\BOOKMARK [1][-]{section.3.2}{\376\377\000F\000u\000n\000\347\000\365\000e\000s\000\040\000C\000a\000r\000a\000c\000t\000e\000r\000\355\000s\000t\000i\000c\000a\000s}{chapter.3}% 18
\BOOKMARK [2][-]{subsection.3.2.1}{\376\377\000M\000o\000m\000e\000n\000t\000o\000s\000\040\000e\000\040\000D\000e\000r\000i\000v\000a\000d\000a\000s}{section.3.2}% 19
\BOOKMARK [2][-]{subsection.3.2.2}{\376\377\000T\000e\000o\000r\000e\000m\000a\000\040\000d\000e\000\040\000C\000o\000n\000t\000i\000n\000u\000i\000d\000a\000d\000e\000\040\000d\000e\000\040\000L\000\351\000v\000y}{section.3.2}% 20
\BOOKMARK [1][-]{section.3.3}{\376\377\000T\000e\000o\000r\000e\000m\000a\000\050\000s\000\051\000\040\000C\000e\000n\000t\000r\000a\000l\000\050\000i\000s\000\051\000\040\000d\000o\000\040\000L\000i\000m\000i\000t\000e}{chapter.3}% 21
\BOOKMARK [2][-]{subsection.3.3.1}{\376\377\000T\000C\000L\000\040\000-\000\040\000C\000a\000s\000o\000\040\000i\000.\000i\000.\000d\000.}{section.3.3}% 22
\BOOKMARK [2][-]{subsection.3.3.2}{\376\377\000T\000C\000L\000\040\000-\000\040\000L\000i\000n\000d\000e\000b\000e\000r\000g\000-\000F\000e\000l\000l\000e\000r}{section.3.3}% 23
\BOOKMARK [1][-]{section.3.4}{\376\377\000T\000e\000o\000r\000e\000m\000a\000\040\000C\000e\000n\000t\000r\000a\000l\000\040\000d\000o\000\040\000L\000i\000m\000i\000t\000e\000\040\000-\000\040\000R\000o\000t\000a\000\040\000A\000l\000t\000e\000r\000n\000a\000t\000i\000v\000a}{chapter.3}% 24
\BOOKMARK [1][-]{section.3.5}{\376\377\000E\000x\000e\000r\000c\000\355\000c\000i\000o\000s\000\040\000R\000e\000s\000o\000l\000v\000i\000d\000o\000s}{chapter.3}% 25
\BOOKMARK [0][-]{chapter.4}{\376\377\000L\000e\000i\000\050\000s\000\051\000\040\000d\000o\000s\000\040\000G\000r\000a\000n\000d\000e\000s\000\040\000N\000\372\000m\000e\000r\000o\000s}{}% 26
\BOOKMARK [1][-]{section.4.1}{\376\377\000L\000e\000i\000\040\000F\000r\000a\000c\000a\000\040\000d\000o\000s\000\040\000G\000r\000a\000n\000d\000e\000s\000\040\000N\000\372\000m\000e\000r\000o\000s}{chapter.4}% 27
\BOOKMARK [2][-]{subsection.4.1.1}{\376\377\000B\000r\000a\000i\000n\000s\000t\000o\000r\000m}{section.4.1}% 28
\BOOKMARK [2][-]{subsection.4.1.2}{\376\377\000F\000o\000r\000m\000a\000l\000i\000z\000a\000\347\000\343\000o}{section.4.1}% 29
\BOOKMARK [1][-]{section.4.2}{\376\377\000L\000e\000m\000a\000s\000\040\000d\000e\000\040\000B\000o\000r\000e\000l\000-\000C\000a\000n\000t\000e\000l\000l\000i}{chapter.4}% 30
\BOOKMARK [2][-]{subsection.4.2.1}{\376\377\000A\000p\000l\000i\000c\000a\000\347\000\365\000e\000s\000\040\000d\000o\000s\000\040\000L\000e\000m\000a\000s\000\040\000d\000e\000\040\000B\000o\000r\000e\000l\000-\000C\000a\000n\000t\000e\000l\000l\000i}{section.4.2}% 31
\BOOKMARK [1][-]{section.4.3}{\376\377\000C\000o\000n\000v\000e\000r\000g\000\352\000n\000c\000i\000a\000\040\000d\000e\000\040\000S\000\351\000r\000i\000e\000s\000\040\000A\000l\000e\000a\000t\000\363\000r\000i\000a\000s\000\040\000e\000\040\000\040\000L\000e\000i\000\040\000F\000o\000r\000t\000e\000\040\000d\000o\000s\000\040\000G\000r\000a\000n\000d\000e\000s\000\040\000N\000\372\000m\000e\000r\000o\000s}{chapter.4}% 32
\BOOKMARK [2][-]{subsection.4.3.1}{\376\377\000T\000e\000o\000r\000e\000m\000a\000\040\000d\000a\000s\000\040\000T\000r\000\352\000s\000\040\000S\000\351\000r\000i\000e\000s}{section.4.3}% 33
\BOOKMARK [1][-]{section.4.4}{\376\377\000E\000x\000e\000r\000c\000\355\000c\000i\000o\000s\000\040\000R\000e\000s\000o\000l\000v\000i\000d\000o\000s}{chapter.4}% 34
\BOOKMARK [0][-]{chapter.5}{\376\377\000M\000a\000r\000t\000i\000n\000g\000a\000l\000e\000s}{}% 35
\BOOKMARK [1][-]{section.5.1}{\376\377\000E\000s\000p\000e\000r\000a\000n\000\347\000a\000\040\000C\000o\000n\000d\000i\000c\000i\000o\000n\000a\000l}{chapter.5}% 36
\BOOKMARK [1][-]{section.5.2}{\376\377\000M\000a\000r\000t\000i\000n\000g\000a\000l\000e\000s}{chapter.5}% 37
\BOOKMARK [2][-]{subsection.5.2.1}{\376\377\000F\000a\000t\000o\000s\000\040\000B\000\341\000s\000i\000c\000o\000s\000\040}{section.5.2}% 38
\BOOKMARK [2][-]{subsection.5.2.2}{\376\377\000A\000l\000g\000u\000n\000s\000\040\000E\000x\000e\000m\000p\000l\000o\000s}{section.5.2}% 39
\BOOKMARK [2][-]{subsection.5.2.3}{\376\377\000M\000a\000r\000t\000i\000n\000g\000a\000l\000e\000s\000\040\000e\000\040\000F\000u\000n\000\347\000\365\000e\000s\000\040\000C\000o\000n\000v\000e\000x\000a\000s}{section.5.2}% 40
\BOOKMARK [2][-]{subsection.5.2.4}{\376\377\000S\000e\000q\000u\000\352\000n\000c\000i\000a\000s\000\040\000P\000r\000e\000v\000i\000s\000\355\000v\000e\000i\000s\000\040}{section.5.2}% 41
\BOOKMARK [2][-]{subsection.5.2.5}{\376\377\000T\000e\000m\000p\000o\000\040\000d\000e\000\040\000P\000a\000r\000a\000d\000a}{section.5.2}% 42
\BOOKMARK [2][-]{subsection.5.2.6}{\376\377\000D\000e\000s\000i\000g\000u\000a\000l\000d\000a\000d\000e\000\040\000d\000o\000s\000\040\000C\000r\000u\000z\000a\000m\000e\000n\000t\000o\000s}{section.5.2}% 43
\BOOKMARK [2][-]{subsection.5.2.7}{\376\377\000C\000o\000n\000v\000e\000r\000g\000\352\000n\000c\000i\000a\000\040\000d\000e\000\040\000M\000a\000r\000t\000i\000n\000g\000a\000l\000e\000s}{section.5.2}% 44
\BOOKMARK [1][-]{section.5.3}{\376\377\000C\000o\000n\000v\000e\000r\000g\000\352\000n\000c\000i\000a\000\040\000d\000e\000\040\000M\000a\000r\000t\000i\000n\000g\000a\000l\000e\000s\000:\000\040\000R\000o\000t\000a\000\040\000A\000l\000t\000e\000r\000n\000a\000t\000i\000v\000a}{chapter.5}% 45
\BOOKMARK [2][-]{subsection.5.3.1}{\376\377\000D\000e\000c\000o\000m\000p\000o\000s\000i\000\347\000\343\000o\000\040\000d\000e\000\040\000D\000o\000o\000b}{section.5.3}% 46
\BOOKMARK [1][-]{section.5.4}{\376\377\000D\000e\000s\000i\000g\000u\000a\000l\000d\000a\000d\000e\000\040\000d\000e\000\040\000D\000o\000o\000b\000\040\000e\000\040\000C\000o\000n\000v\000e\000r\000g\000\352\000n\000c\000i\000a\000\040\000L\000p}{chapter.5}% 47
\BOOKMARK [1][-]{section.5.5}{\376\377\000E\000x\000e\000r\000c\000\355\000c\000i\000o\000s\000\040\000R\000e\000s\000o\000l\000v\000i\000d\000o\000s}{chapter.5}% 48
\BOOKMARK [0][-]{chapter.6}{\376\377\000P\000r\000o\000b\000a\000b\000i\000l\000i\000d\000a\000d\000e\000\040\000e\000m\000\040\000E\000s\000p\000a\000\347\000o\000s\000\040\000M\000\351\000t\000r\000i\000c\000o\000s\000\040\000e\000\040\000M\000o\000v\000i\000m\000e\000n\000t\000o\000\040\000B\000r\000o\000w\000n\000i\000a\000n\000o}{}% 49
\BOOKMARK [1][-]{section.6.1}{\376\377\000C\000o\000n\000v\000e\000r\000g\000\352\000n\000c\000i\000a}{chapter.6}% 50
\BOOKMARK [1][-]{section.6.2}{\376\377\000E\000x\000e\000r\000c\000\355\000c\000i\000o\000s\000\040\000R\000e\000s\000o\000l\000v\000i\000d\000o\000s}{chapter.6}% 51
\BOOKMARK [-1][-]{part.1}{\376\377\000I\000\040\000A\000p\000\352\000n\000d\000i\000c\000e}{}% 52
\BOOKMARK [0][-]{appendix.A}{}{part.1}% 53
\BOOKMARK [1][-]{section.A.1}{\376\377\000F\000\363\000r\000m\000u\000l\000a\000\040\000d\000e\000\040\000S\000t\000i\000r\000l\000i\000n\000g}{appendix.A}% 54
\BOOKMARK [1][-]{section.A.2}{\376\377\000E\000x\000p\000a\000n\000s\000\343\000o\000\040\000d\000e\000\040\000P\000a\000d\000\351}{appendix.A}% 55
